{"C:\\Users\\tomas\\projects\\movies-app\\src\\redis.ts": {"path":"C:\\Users\\tomas\\projects\\movies-app\\src\\redis.ts","statementMap":{"0":{"start":{"line":1,"column":0},"end":{"line":1,"column":28}},"1":{"start":{"line":3,"column":13},"end":{"line":3,"column":33}}},"fnMap":{},"branchMap":{},"s":{"0":2,"1":2},"f":{},"b":{}}
,"C:\\Users\\tomas\\projects\\movies-app\\src\\entity\\Movie.ts": {"path":"C:\\Users\\tomas\\projects\\movies-app\\src\\entity\\Movie.ts","statementMap":{"0":{"start":{"line":1,"column":0},"end":{"line":1,"column":null}},"1":{"start":{"line":9,"column":0},"end":{"line":9,"column":53}},"2":{"start":{"line":22,"column":2},"end":{"line":22,"column":null}},"3":{"start":{"line":20,"column":15},"end":{"line":20,"column":17}},"4":{"start":{"line":26,"column":2},"end":{"line":26,"column":null}},"5":{"start":{"line":30,"column":2},"end":{"line":30,"column":null}},"6":{"start":{"line":34,"column":2},"end":{"line":34,"column":null}},"7":{"start":{"line":19,"column":21},"end":{"line":35,"column":null}}},"fnMap":{"0":{"name":"(anonymous_2)","decl":{"start":{"line":20,"column":9},"end":{"line":20,"column":12}},"loc":{"start":{"line":20,"column":15},"end":{"line":20,"column":17}}}},"branchMap":{},"s":{"0":2,"1":2,"2":2,"3":6,"4":2,"5":2,"6":2,"7":2},"f":{"0":6},"b":{}}
,"C:\\Users\\tomas\\projects\\movies-app\\src\\entity\\User.ts": {"path":"C:\\Users\\tomas\\projects\\movies-app\\src\\entity\\User.ts","statementMap":{"0":{"start":{"line":1,"column":0},"end":{"line":1,"column":null}},"1":{"start":{"line":9,"column":0},"end":{"line":9,"column":59}},"2":{"start":{"line":35,"column":36},"end":{"line":35,"column":42}},"3":{"start":{"line":37,"column":4},"end":{"line":39,"column":13}},"4":{"start":{"line":16,"column":2},"end":{"line":16,"column":null}},"5":{"start":{"line":14,"column":15},"end":{"line":14,"column":17}},"6":{"start":{"line":20,"column":2},"end":{"line":20,"column":null}},"7":{"start":{"line":18,"column":15},"end":{"line":18,"column":21}},"8":{"start":{"line":24,"column":2},"end":{"line":24,"column":null}},"9":{"start":{"line":22,"column":15},"end":{"line":22,"column":21}},"10":{"start":{"line":28,"column":2},"end":{"line":28,"column":null}},"11":{"start":{"line":34,"column":2},"end":{"line":40,"column":null}},"12":{"start":{"line":33,"column":15},"end":{"line":33,"column":21}},"13":{"start":{"line":44,"column":2},"end":{"line":44,"column":null}},"14":{"start":{"line":42,"column":15},"end":{"line":42,"column":23}},"15":{"start":{"line":48,"column":2},"end":{"line":48,"column":null}},"16":{"start":{"line":51,"column":2},"end":{"line":51,"column":null}},"17":{"start":{"line":54,"column":2},"end":{"line":54,"column":null}},"18":{"start":{"line":58,"column":2},"end":{"line":58,"column":null}},"19":{"start":{"line":62,"column":2},"end":{"line":62,"column":null}},"20":{"start":{"line":13,"column":21},"end":{"line":63,"column":null}}},"fnMap":{"0":{"name":"(anonymous_4)","decl":{"start":{"line":34,"column":2},"end":{"line":34,"column":6}},"loc":{"start":{"line":34,"column":27},"end":{"line":40,"column":3}}},"1":{"name":"(anonymous_5)","decl":{"start":{"line":14,"column":9},"end":{"line":14,"column":12}},"loc":{"start":{"line":14,"column":15},"end":{"line":14,"column":17}}},"2":{"name":"(anonymous_6)","decl":{"start":{"line":18,"column":9},"end":{"line":18,"column":12}},"loc":{"start":{"line":18,"column":15},"end":{"line":18,"column":21}}},"3":{"name":"(anonymous_7)","decl":{"start":{"line":22,"column":9},"end":{"line":22,"column":12}},"loc":{"start":{"line":22,"column":15},"end":{"line":22,"column":21}}},"4":{"name":"(anonymous_8)","decl":{"start":{"line":33,"column":9},"end":{"line":33,"column":12}},"loc":{"start":{"line":33,"column":15},"end":{"line":33,"column":21}}},"5":{"name":"(anonymous_9)","decl":{"start":{"line":42,"column":9},"end":{"line":42,"column":12}},"loc":{"start":{"line":42,"column":15},"end":{"line":42,"column":23}}}},"branchMap":{"0":{"loc":{"start":{"line":38,"column":8},"end":{"line":38,"column":74}},"type":"cond-expr","locations":[{"start":{"line":38,"column":8},"end":{"line":38,"column":74}},{"start":{"line":39,"column":8},"end":{"line":39,"column":12}}]},"1":{"loc":{"start":{"line":37,"column":11},"end":{"line":37,"column":20}},"type":"binary-expr","locations":[{"start":{"line":37,"column":11},"end":{"line":37,"column":20}},{"start":{"line":37,"column":24},"end":{"line":37,"column":32}}]},"2":{"loc":{"start":{"line":38,"column":23},"end":{"line":38,"column":32}},"type":"cond-expr","locations":[{"start":{"line":38,"column":23},"end":{"line":38,"column":32}},{"start":{"line":38,"column":35},"end":{"line":38,"column":37}}]},"3":{"loc":{"start":{"line":38,"column":52},"end":{"line":38,"column":60}},"type":"cond-expr","locations":[{"start":{"line":38,"column":52},"end":{"line":38,"column":60}},{"start":{"line":38,"column":63},"end":{"line":38,"column":65}}]}},"s":{"0":2,"1":2,"2":2,"3":2,"4":2,"5":6,"6":2,"7":6,"8":2,"9":6,"10":2,"11":2,"12":6,"13":2,"14":6,"15":2,"16":2,"17":2,"18":2,"19":2,"20":2},"f":{"0":2,"1":6,"2":6,"3":6,"4":6,"5":6},"b":{"0":[2,0],"1":[2,0],"2":[2,0],"3":[2,0]}}
,"C:\\Users\\tomas\\projects\\movies-app\\src\\middleware\\isAuth.ts": {"path":"C:\\Users\\tomas\\projects\\movies-app\\src\\middleware\\isAuth.ts","statementMap":{"0":{"start":{"line":4,"column":13},"end":{"line":9,"column":2}},"1":{"start":{"line":4,"column":75},"end":{"line":9,"column":2}},"2":{"start":{"line":6,"column":4},"end":{"line":6,"column":41}},"3":{"start":{"line":8,"column":2},"end":{"line":8,"column":16}}},"fnMap":{"0":{"name":"(anonymous_6)","decl":{"start":{"line":4,"column":47},"end":{"line":4,"column":54}},"loc":{"start":{"line":4,"column":75},"end":{"line":9,"column":2}}},"1":{"name":"(anonymous_7)","decl":{"start":{"line":4,"column":75},"end":{"line":4,"column":null}},"loc":{"start":{"line":4,"column":75},"end":{"line":9,"column":1}}}},"branchMap":{},"s":{"0":2,"1":0,"2":0,"3":0},"f":{"0":0,"1":0},"b":{}}
,"C:\\Users\\tomas\\projects\\movies-app\\src\\middleware\\logger.ts": {"path":"C:\\Users\\tomas\\projects\\movies-app\\src\\middleware\\logger.ts","statementMap":{"0":{"start":{"line":4,"column":13},"end":{"line":8,"column":2}},"1":{"start":{"line":4,"column":72},"end":{"line":8,"column":2}},"2":{"start":{"line":5,"column":2},"end":{"line":5,"column":29}},"3":{"start":{"line":7,"column":2},"end":{"line":7,"column":16}}},"fnMap":{"0":{"name":"(anonymous_6)","decl":{"start":{"line":4,"column":47},"end":{"line":4,"column":54}},"loc":{"start":{"line":4,"column":72},"end":{"line":8,"column":2}}},"1":{"name":"(anonymous_7)","decl":{"start":{"line":4,"column":72},"end":{"line":4,"column":null}},"loc":{"start":{"line":4,"column":72},"end":{"line":8,"column":1}}}},"branchMap":{},"s":{"0":2,"1":0,"2":0,"3":0},"f":{"0":0,"1":0},"b":{}}
,"C:\\Users\\tomas\\projects\\movies-app\\src\\modules\\constants\\redisPrefix.ts": {"path":"C:\\Users\\tomas\\projects\\movies-app\\src\\modules\\constants\\redisPrefix.ts","statementMap":{"0":{"start":{"line":1,"column":13},"end":{"line":1,"column":54}},"1":{"start":{"line":2,"column":13},"end":{"line":2,"column":55}}},"fnMap":{},"branchMap":{},"s":{"0":2,"1":2},"f":{},"b":{}}
,"C:\\Users\\tomas\\projects\\movies-app\\src\\modules\\shared\\PasswordInput.ts": {"path":"C:\\Users\\tomas\\projects\\movies-app\\src\\modules\\shared\\PasswordInput.ts","statementMap":{"0":{"start":{"line":1,"column":0},"end":{"line":1,"column":59}},"1":{"start":{"line":2,"column":0},"end":{"line":2,"column":44}},"2":{"start":{"line":11,"column":13},"end":{"line":20,"column":2}},"3":{"start":{"line":16,"column":4},"end":{"line":16,"column":null}},"4":{"start":{"line":13,"column":8},"end":{"line":17,"column":null}},"5":{"start":{"line":19,"column":2},"end":{"line":19,"column":23}}},"fnMap":{"0":{"name":"(anonymous_2)","decl":{"start":{"line":11,"column":29},"end":{"line":11,"column":51}},"loc":{"start":{"line":11,"column":67},"end":{"line":20,"column":1}}}},"branchMap":{},"s":{"0":2,"1":2,"2":2,"3":4,"4":4,"5":4},"f":{"0":4},"b":{}}
,"C:\\Users\\tomas\\projects\\movies-app\\src\\modules\\user\\ChangePassword.ts": {"path":"C:\\Users\\tomas\\projects\\movies-app\\src\\modules\\user\\ChangePassword.ts","statementMap":{"0":{"start":{"line":1,"column":0},"end":{"line":1,"column":60}},"1":{"start":{"line":2,"column":0},"end":{"line":2,"column":30}},"2":{"start":{"line":4,"column":0},"end":{"line":4,"column":36}},"3":{"start":{"line":5,"column":0},"end":{"line":5,"column":37}},"4":{"start":{"line":6,"column":0},"end":{"line":6,"column":64}},"5":{"start":{"line":7,"column":0},"end":{"line":7,"column":75}},"6":{"start":{"line":18,"column":19},"end":{"line":18,"column":64}},"7":{"start":{"line":21,"column":6},"end":{"line":21,"column":18}},"8":{"start":{"line":24,"column":17},"end":{"line":24,"column":43}},"9":{"start":{"line":26,"column":4},"end":{"line":26,"column":27}},"10":{"start":{"line":26,"column":15},"end":{"line":26,"column":27}},"11":{"start":{"line":28,"column":4},"end":{"line":28,"column":50}},"12":{"start":{"line":30,"column":4},"end":{"line":30,"column":52}},"13":{"start":{"line":32,"column":4},"end":{"line":32,"column":22}},"14":{"start":{"line":34,"column":4},"end":{"line":34,"column":42}},"15":{"start":{"line":36,"column":4},"end":{"line":36,"column":16}},"16":{"start":{"line":13,"column":2},"end":{"line":37,"column":null}},"17":{"start":{"line":12,"column":18},"end":{"line":12,"column":22}},"18":{"start":{"line":11,"column":13},"end":{"line":38,"column":null}},"19":{"start":{"line":11,"column":13},"end":{"line":11,"column":35}}},"fnMap":{"0":{"name":"(anonymous_13)","decl":{"start":{"line":12,"column":12},"end":{"line":12,"column":15}},"loc":{"start":{"line":12,"column":18},"end":{"line":12,"column":22}}}},"branchMap":{"0":{"loc":{"start":{"line":26,"column":4},"end":{"line":26,"column":27}},"type":"if","locations":[{"start":{"line":26,"column":4},"end":{"line":26,"column":27}},{"start":{"line":26,"column":4},"end":{"line":26,"column":27}}]}},"s":{"0":2,"1":2,"2":2,"3":2,"4":2,"5":2,"6":0,"7":0,"8":0,"9":0,"10":0,"11":0,"12":0,"13":0,"14":0,"15":0,"16":2,"17":6,"18":2,"19":2},"f":{"0":6},"b":{"0":[0,0]}}
,"C:\\Users\\tomas\\projects\\movies-app\\src\\modules\\user\\ConfirmUser.ts": {"path":"C:\\Users\\tomas\\projects\\movies-app\\src\\modules\\user\\ConfirmUser.ts","statementMap":{"0":{"start":{"line":1,"column":0},"end":{"line":1,"column":55}},"1":{"start":{"line":3,"column":0},"end":{"line":3,"column":37}},"2":{"start":{"line":4,"column":0},"end":{"line":4,"column":36}},"3":{"start":{"line":5,"column":0},"end":{"line":5,"column":61}},"4":{"start":{"line":11,"column":19},"end":{"line":11,"column":61}},"5":{"start":{"line":14,"column":6},"end":{"line":14,"column":19}},"6":{"start":{"line":17,"column":4},"end":{"line":22,"column":6}},"7":{"start":{"line":24,"column":4},"end":{"line":24,"column":27}},"8":{"start":{"line":26,"column":4},"end":{"line":26,"column":16}},"9":{"start":{"line":10,"column":2},"end":{"line":27,"column":null}},"10":{"start":{"line":9,"column":18},"end":{"line":9,"column":25}},"11":{"start":{"line":8,"column":13},"end":{"line":28,"column":null}},"12":{"start":{"line":8,"column":13},"end":{"line":8,"column":32}}},"fnMap":{"0":{"name":"(anonymous_13)","decl":{"start":{"line":9,"column":12},"end":{"line":9,"column":15}},"loc":{"start":{"line":9,"column":18},"end":{"line":9,"column":25}}}},"branchMap":{},"s":{"0":2,"1":2,"2":2,"3":2,"4":0,"5":0,"6":0,"7":0,"8":0,"9":2,"10":6,"11":2,"12":2},"f":{"0":6},"b":{}}
,"C:\\Users\\tomas\\projects\\movies-app\\src\\modules\\user\\CreateUser.ts": {"path":"C:\\Users\\tomas\\projects\\movies-app\\src\\modules\\user\\CreateUser.ts","statementMap":{"0":{"start":{"line":1,"column":0},"end":{"line":1,"column":null}},"1":{"start":{"line":10,"column":0},"end":{"line":10,"column":39}},"2":{"start":{"line":11,"column":0},"end":{"line":11,"column":37}},"3":{"start":{"line":12,"column":0},"end":{"line":12,"column":57}},"4":{"start":{"line":29,"column":6},"end":{"line":29,"column":40}},"5":{"start":{"line":28,"column":4},"end":{"line":30,"column":null}},"6":{"start":{"line":26,"column":20},"end":{"line":26,"column":30}},"7":{"start":{"line":28,"column":36},"end":{"line":28,"column":45}},"8":{"start":{"line":25,"column":8},"end":{"line":31,"column":null}},"9":{"start":{"line":33,"column":2},"end":{"line":33,"column":22}},"10":{"start":{"line":39,"column":2},"end":{"line":39,"column":null}},"11":{"start":{"line":37,"column":6},"end":{"line":40,"column":null}},"12":{"start":{"line":61,"column":13},"end":{"line":66,"column":2}},"13":{"start":{"line":68,"column":13},"end":{"line":73,"column":2}}},"fnMap":{"0":{"name":"createResolver","decl":{"start":{"line":15,"column":9},"end":{"line":15,"column":23}},"loc":{"start":{"line":20,"column":32},"end":{"line":34,"column":1}}},"1":{"name":"(anonymous_14)","decl":{"start":{"line":26,"column":14},"end":{"line":26,"column":17}},"loc":{"start":{"line":26,"column":20},"end":{"line":26,"column":30}}},"2":{"name":"(anonymous_15)","decl":{"start":{"line":28,"column":30},"end":{"line":28,"column":33}},"loc":{"start":{"line":28,"column":36},"end":{"line":28,"column":45}}}},"branchMap":{"0":{"loc":{"start":{"line":27,"column":23},"end":{"line":27,"column":33}},"type":"binary-expr","locations":[{"start":{"line":27,"column":23},"end":{"line":27,"column":33}},{"start":{"line":27,"column":37},"end":{"line":27,"column":39}}]}},"s":{"0":2,"1":2,"2":2,"3":2,"4":0,"5":4,"6":12,"7":12,"8":4,"9":4,"10":2,"11":2,"12":2,"13":2},"f":{"0":4,"1":12,"2":12},"b":{"0":[4,4]}}
,"C:\\Users\\tomas\\projects\\movies-app\\src\\modules\\user\\ForgotPassword.ts": {"path":"C:\\Users\\tomas\\projects\\movies-app\\src\\modules\\user\\ForgotPassword.ts","statementMap":{"0":{"start":{"line":1,"column":0},"end":{"line":1,"column":55}},"1":{"start":{"line":2,"column":0},"end":{"line":2,"column":26}},"2":{"start":{"line":3,"column":0},"end":{"line":3,"column":37}},"3":{"start":{"line":4,"column":0},"end":{"line":4,"column":36}},"4":{"start":{"line":5,"column":0},"end":{"line":5,"column":50}},"5":{"start":{"line":6,"column":0},"end":{"line":6,"column":64}},"6":{"start":{"line":12,"column":17},"end":{"line":12,"column":57}},"7":{"start":{"line":15,"column":6},"end":{"line":15,"column":18}},"8":{"start":{"line":18,"column":18},"end":{"line":18,"column":22}},"9":{"start":{"line":19,"column":4},"end":{"line":19,"column":79}},"10":{"start":{"line":21,"column":4},"end":{"line":24,"column":6}},"11":{"start":{"line":26,"column":4},"end":{"line":26,"column":16}},"12":{"start":{"line":11,"column":2},"end":{"line":27,"column":null}},"13":{"start":{"line":10,"column":18},"end":{"line":10,"column":25}},"14":{"start":{"line":9,"column":13},"end":{"line":28,"column":null}},"15":{"start":{"line":9,"column":13},"end":{"line":9,"column":35}}},"fnMap":{"0":{"name":"(anonymous_13)","decl":{"start":{"line":10,"column":12},"end":{"line":10,"column":15}},"loc":{"start":{"line":10,"column":18},"end":{"line":10,"column":25}}}},"branchMap":{},"s":{"0":2,"1":2,"2":2,"3":2,"4":2,"5":2,"6":0,"7":0,"8":0,"9":0,"10":0,"11":0,"12":2,"13":6,"14":2,"15":2},"f":{"0":6},"b":{}}
,"C:\\Users\\tomas\\projects\\movies-app\\src\\modules\\user\\Login.ts": {"path":"C:\\Users\\tomas\\projects\\movies-app\\src\\modules\\user\\Login.ts","statementMap":{"0":{"start":{"line":1,"column":0},"end":{"line":1,"column":60}},"1":{"start":{"line":2,"column":0},"end":{"line":2,"column":30}},"2":{"start":{"line":4,"column":0},"end":{"line":4,"column":37}},"3":{"start":{"line":15,"column":17},"end":{"line":15,"column":57}},"4":{"start":{"line":18,"column":6},"end":{"line":18,"column":18}},"5":{"start":{"line":21,"column":18},"end":{"line":21,"column":63}},"6":{"start":{"line":24,"column":6},"end":{"line":24,"column":18}},"7":{"start":{"line":28,"column":6},"end":{"line":28,"column":18}},"8":{"start":{"line":31,"column":4},"end":{"line":31,"column":42}},"9":{"start":{"line":33,"column":4},"end":{"line":33,"column":16}},"10":{"start":{"line":10,"column":2},"end":{"line":34,"column":null}},"11":{"start":{"line":9,"column":18},"end":{"line":9,"column":22}},"12":{"start":{"line":8,"column":13},"end":{"line":35,"column":null}},"13":{"start":{"line":8,"column":13},"end":{"line":8,"column":26}}},"fnMap":{"0":{"name":"(anonymous_13)","decl":{"start":{"line":9,"column":12},"end":{"line":9,"column":15}},"loc":{"start":{"line":9,"column":18},"end":{"line":9,"column":22}}}},"branchMap":{},"s":{"0":2,"1":2,"2":2,"3":0,"4":0,"5":0,"6":0,"7":0,"8":0,"9":0,"10":2,"11":6,"12":2,"13":2},"f":{"0":6},"b":{}}
,"C:\\Users\\tomas\\projects\\movies-app\\src\\modules\\user\\Logout.ts": {"path":"C:\\Users\\tomas\\projects\\movies-app\\src\\modules\\user\\Logout.ts","statementMap":{"0":{"start":{"line":1,"column":0},"end":{"line":1,"column":55}},"1":{"start":{"line":8,"column":4},"end":{"line":18,"column":6}},"2":{"start":{"line":9,"column":6},"end":{"line":17,"column":8}},"3":{"start":{"line":11,"column":10},"end":{"line":11,"column":27}},"4":{"start":{"line":12,"column":10},"end":{"line":12,"column":28}},"5":{"start":{"line":15,"column":8},"end":{"line":15,"column":39}},"6":{"start":{"line":16,"column":8},"end":{"line":16,"column":25}},"7":{"start":{"line":7,"column":2},"end":{"line":19,"column":null}},"8":{"start":{"line":6,"column":18},"end":{"line":6,"column":25}},"9":{"start":{"line":5,"column":13},"end":{"line":20,"column":null}},"10":{"start":{"line":5,"column":13},"end":{"line":5,"column":27}}},"fnMap":{"0":{"name":"(anonymous_12)","decl":{"start":{"line":8,"column":23},"end":{"line":8,"column":24}},"loc":{"start":{"line":9,"column":6},"end":{"line":17,"column":8}}},"1":{"name":"(anonymous_13)","decl":{"start":{"line":9,"column":35},"end":{"line":9,"column":38}},"loc":{"start":{"line":9,"column":41},"end":{"line":17,"column":7}}},"2":{"name":"(anonymous_14)","decl":{"start":{"line":6,"column":12},"end":{"line":6,"column":15}},"loc":{"start":{"line":6,"column":18},"end":{"line":6,"column":25}}}},"branchMap":{},"s":{"0":2,"1":0,"2":0,"3":0,"4":0,"5":0,"6":0,"7":2,"8":6,"9":2,"10":2},"f":{"0":0,"1":0,"2":6},"b":{}}
,"C:\\Users\\tomas\\projects\\movies-app\\src\\modules\\user\\Me.ts": {"path":"C:\\Users\\tomas\\projects\\movies-app\\src\\modules\\user\\Me.ts","statementMap":{"0":{"start":{"line":1,"column":0},"end":{"line":1,"column":52}},"1":{"start":{"line":3,"column":0},"end":{"line":3,"column":37}},"2":{"start":{"line":11,"column":6},"end":{"line":11,"column":18}},"3":{"start":{"line":14,"column":4},"end":{"line":14,"column":53}},"4":{"start":{"line":9,"column":2},"end":{"line":15,"column":null}},"5":{"start":{"line":8,"column":15},"end":{"line":8,"column":19}},"6":{"start":{"line":7,"column":13},"end":{"line":16,"column":null}},"7":{"start":{"line":7,"column":13},"end":{"line":7,"column":23}}},"fnMap":{"0":{"name":"(anonymous_13)","decl":{"start":{"line":8,"column":9},"end":{"line":8,"column":12}},"loc":{"start":{"line":8,"column":15},"end":{"line":8,"column":19}}}},"branchMap":{},"s":{"0":2,"1":2,"2":1,"3":1,"4":2,"5":6,"6":2,"7":2},"f":{"0":6},"b":{}}
,"C:\\Users\\tomas\\projects\\movies-app\\src\\modules\\user\\Register.ts": {"path":"C:\\Users\\tomas\\projects\\movies-app\\src\\modules\\user\\Register.ts","statementMap":{"0":{"start":{"line":1,"column":0},"end":{"line":1,"column":77}},"1":{"start":{"line":2,"column":0},"end":{"line":2,"column":30}},"2":{"start":{"line":4,"column":0},"end":{"line":4,"column":37}},"3":{"start":{"line":5,"column":0},"end":{"line":5,"column":57}},"4":{"start":{"line":6,"column":0},"end":{"line":6,"column":49}},"5":{"start":{"line":7,"column":0},"end":{"line":7,"column":49}},"6":{"start":{"line":18,"column":4},"end":{"line":18,"column":26}},"7":{"start":{"line":38,"column":27},"end":{"line":38,"column":58}},"8":{"start":{"line":40,"column":17},"end":{"line":46,"column":13}},"9":{"start":{"line":50,"column":4},"end":{"line":50,"column":16}},"10":{"start":{"line":17,"column":2},"end":{"line":19,"column":null}},"11":{"start":{"line":16,"column":15},"end":{"line":16,"column":21}},"12":{"start":{"line":31,"column":2},"end":{"line":51,"column":null}},"13":{"start":{"line":30,"column":18},"end":{"line":30,"column":22}},"14":{"start":{"line":13,"column":13},"end":{"line":52,"column":null}},"15":{"start":{"line":13,"column":13},"end":{"line":13,"column":29}}},"fnMap":{"0":{"name":"(anonymous_15)","decl":{"start":{"line":16,"column":9},"end":{"line":16,"column":12}},"loc":{"start":{"line":16,"column":15},"end":{"line":16,"column":21}}},"1":{"name":"(anonymous_16)","decl":{"start":{"line":30,"column":12},"end":{"line":30,"column":15}},"loc":{"start":{"line":30,"column":18},"end":{"line":30,"column":22}}}},"branchMap":{},"s":{"0":2,"1":2,"2":2,"3":2,"4":2,"5":2,"6":0,"7":1,"8":1,"9":1,"10":2,"11":6,"12":2,"13":6,"14":2,"15":2},"f":{"0":6,"1":6},"b":{}}
,"C:\\Users\\tomas\\projects\\movies-app\\src\\modules\\user\\changePassword\\ChangePasswordInput.ts": {"path":"C:\\Users\\tomas\\projects\\movies-app\\src\\modules\\user\\changePassword\\ChangePasswordInput.ts","statementMap":{"0":{"start":{"line":1,"column":0},"end":{"line":1,"column":48}},"1":{"start":{"line":2,"column":0},"end":{"line":2,"column":59}},"2":{"start":{"line":7,"column":2},"end":{"line":7,"column":null}},"3":{"start":{"line":5,"column":13},"end":{"line":12,"column":null}},"4":{"start":{"line":5,"column":13},"end":{"line":5,"column":32}}},"fnMap":{},"branchMap":{},"s":{"0":2,"1":2,"2":2,"3":2,"4":2},"f":{},"b":{}}
,"C:\\Users\\tomas\\projects\\movies-app\\src\\modules\\user\\register\\RegisterInput.ts": {"path":"C:\\Users\\tomas\\projects\\movies-app\\src\\modules\\user\\register\\RegisterInput.ts","statementMap":{"0":{"start":{"line":1,"column":0},"end":{"line":1,"column":48}},"1":{"start":{"line":2,"column":0},"end":{"line":2,"column":50}},"2":{"start":{"line":4,"column":0},"end":{"line":4,"column":59}},"3":{"start":{"line":5,"column":0},"end":{"line":5,"column":59}},"4":{"start":{"line":13,"column":2},"end":{"line":13,"column":null}},"5":{"start":{"line":11,"column":15},"end":{"line":11,"column":21}},"6":{"start":{"line":17,"column":2},"end":{"line":17,"column":null}},"7":{"start":{"line":15,"column":15},"end":{"line":15,"column":21}},"8":{"start":{"line":22,"column":2},"end":{"line":22,"column":null}},"9":{"start":{"line":10,"column":13},"end":{"line":27,"column":null}},"10":{"start":{"line":10,"column":13},"end":{"line":10,"column":26}}},"fnMap":{"0":{"name":"(anonymous_2)","decl":{"start":{"line":11,"column":9},"end":{"line":11,"column":12}},"loc":{"start":{"line":11,"column":15},"end":{"line":11,"column":21}}},"1":{"name":"(anonymous_3)","decl":{"start":{"line":15,"column":9},"end":{"line":15,"column":12}},"loc":{"start":{"line":15,"column":15},"end":{"line":15,"column":21}}}},"branchMap":{},"s":{"0":2,"1":2,"2":2,"3":2,"4":2,"5":6,"6":2,"7":6,"8":2,"9":2,"10":2},"f":{"0":6,"1":6},"b":{}}
,"C:\\Users\\tomas\\projects\\movies-app\\src\\modules\\user\\register\\isEmailAlreadyExist.ts": {"path":"C:\\Users\\tomas\\projects\\movies-app\\src\\modules\\user\\register\\isEmailAlreadyExist.ts","statementMap":{"0":{"start":{"line":1,"column":0},"end":{"line":1,"column":null}},"1":{"start":{"line":8,"column":0},"end":{"line":8,"column":40}},"2":{"start":{"line":14,"column":4},"end":{"line":17,"column":7}},"3":{"start":{"line":15,"column":6},"end":{"line":15,"column":29}},"4":{"start":{"line":15,"column":16},"end":{"line":15,"column":29}},"5":{"start":{"line":16,"column":6},"end":{"line":16,"column":18}},"6":{"start":{"line":11,"column":13},"end":{"line":19,"column":null}},"7":{"start":{"line":11,"column":13},"end":{"line":11,"column":41}},"8":{"start":{"line":22,"column":2},"end":{"line":30,"column":4}},"9":{"start":{"line":23,"column":4},"end":{"line":29,"column":7}},"10":{"start":{"line":21,"column":0},"end":{"line":21,"column":16}}},"fnMap":{"0":{"name":"(anonymous_2)","decl":{"start":{"line":13,"column":2},"end":{"line":13,"column":10}},"loc":{"start":{"line":13,"column":24},"end":{"line":18,"column":3}}},"1":{"name":"(anonymous_3)","decl":{"start":{"line":14,"column":51},"end":{"line":14,"column":55}},"loc":{"start":{"line":14,"column":58},"end":{"line":17,"column":5}}},"2":{"name":"IsEmailAlreayExist","decl":{"start":{"line":21,"column":16},"end":{"line":21,"column":34}},"loc":{"start":{"line":21,"column":72},"end":{"line":31,"column":1}}},"3":{"name":"(anonymous_5)","decl":{"start":{"line":22,"column":9},"end":{"line":22,"column":18}},"loc":{"start":{"line":22,"column":54},"end":{"line":30,"column":3}}}},"branchMap":{"0":{"loc":{"start":{"line":15,"column":6},"end":{"line":15,"column":29}},"type":"if","locations":[{"start":{"line":15,"column":6},"end":{"line":15,"column":29}},{"start":{"line":15,"column":6},"end":{"line":15,"column":29}}]}},"s":{"0":2,"1":2,"2":1,"3":1,"4":0,"5":1,"6":2,"7":2,"8":2,"9":2,"10":2},"f":{"0":1,"1":1,"2":2,"3":2},"b":{"0":[0,1]}}
,"C:\\Users\\tomas\\projects\\movies-app\\src\\test-utils\\gCall.ts": {"path":"C:\\Users\\tomas\\projects\\movies-app\\src\\test-utils\\gCall.ts","statementMap":{"0":{"start":{"line":1,"column":0},"end":{"line":1,"column":49}},"1":{"start":{"line":4,"column":0},"end":{"line":4,"column":53}},"2":{"start":{"line":16,"column":13},"end":{"line":33,"column":2}},"3":{"start":{"line":16,"column":75},"end":{"line":33,"column":2}},"4":{"start":{"line":18,"column":4},"end":{"line":18,"column":34}},"5":{"start":{"line":20,"column":2},"end":{"line":32,"column":5}},"6":{"start":{"line":29,"column":27},"end":{"line":29,"column":36}}},"fnMap":{"0":{"name":"(anonymous_6)","decl":{"start":{"line":16,"column":21},"end":{"line":16,"column":28}},"loc":{"start":{"line":16,"column":75},"end":{"line":33,"column":2}}},"1":{"name":"(anonymous_7)","decl":{"start":{"line":16,"column":75},"end":{"line":16,"column":null}},"loc":{"start":{"line":16,"column":75},"end":{"line":33,"column":1}}},"2":{"name":"(anonymous_8)","decl":{"start":{"line":29,"column":21},"end":{"line":29,"column":24}},"loc":{"start":{"line":29,"column":27},"end":{"line":29,"column":36}}}},"branchMap":{},"s":{"0":2,"1":2,"2":2,"3":3,"4":2,"5":3,"6":0},"f":{"0":3,"1":3,"2":0},"b":{}}
,"C:\\Users\\tomas\\projects\\movies-app\\src\\test-utils\\testConn.ts": {"path":"C:\\Users\\tomas\\projects\\movies-app\\src\\test-utils\\testConn.ts","statementMap":{"0":{"start":{"line":1,"column":0},"end":{"line":1,"column":43}},"1":{"start":{"line":3,"column":13},"end":{"line":15,"column":5}},"2":{"start":{"line":4,"column":2},"end":{"line":15,"column":4}}},"fnMap":{"0":{"name":"(anonymous_0)","decl":{"start":{"line":3,"column":24},"end":{"line":3,"column":25}},"loc":{"start":{"line":4,"column":2},"end":{"line":15,"column":4}}}},"branchMap":{"0":{"loc":{"start":{"line":3,"column":41},"end":{"line":3,"column":46}},"type":"default-arg","locations":[{"start":{"line":3,"column":41},"end":{"line":3,"column":46}}]}},"s":{"0":2,"1":2,"2":2},"f":{"0":2},"b":{"0":[2]}}
,"C:\\Users\\tomas\\projects\\movies-app\\src\\utils\\createSchema.ts": {"path":"C:\\Users\\tomas\\projects\\movies-app\\src\\utils\\createSchema.ts","statementMap":{"0":{"start":{"line":1,"column":0},"end":{"line":1,"column":43}},"1":{"start":{"line":2,"column":0},"end":{"line":2,"column":56}},"2":{"start":{"line":3,"column":0},"end":{"line":3,"column":72}},"3":{"start":{"line":4,"column":0},"end":{"line":4,"column":66}},"4":{"start":{"line":5,"column":0},"end":{"line":5,"column":72}},"5":{"start":{"line":6,"column":0},"end":{"line":6,"column":54}},"6":{"start":{"line":7,"column":0},"end":{"line":7,"column":56}},"7":{"start":{"line":8,"column":0},"end":{"line":8,"column":48}},"8":{"start":{"line":9,"column":0},"end":{"line":9,"column":60}},"9":{"start":{"line":10,"column":0},"end":{"line":10,"column":null}},"10":{"start":{"line":15,"column":13},"end":{"line":30,"column":5}},"11":{"start":{"line":16,"column":2},"end":{"line":30,"column":4}}},"fnMap":{"0":{"name":"(anonymous_0)","decl":{"start":{"line":15,"column":28},"end":{"line":15,"column":31}},"loc":{"start":{"line":16,"column":2},"end":{"line":30,"column":4}}}},"branchMap":{},"s":{"0":2,"1":2,"2":2,"3":2,"4":2,"5":2,"6":2,"7":2,"8":2,"9":2,"10":2,"11":2},"f":{"0":2},"b":{}}
,"C:\\Users\\tomas\\projects\\movies-app\\src\\utils\\customAuthChecker.ts": {"path":"C:\\Users\\tomas\\projects\\movies-app\\src\\utils\\customAuthChecker.ts","statementMap":{"0":{"start":{"line":4,"column":0},"end":{"line":4,"column":34}},"1":{"start":{"line":6,"column":13},"end":{"line":24,"column":2}},"2":{"start":{"line":9,"column":4},"end":{"line":24,"column":2}},"3":{"start":{"line":12,"column":4},"end":{"line":12,"column":33}},"4":{"start":{"line":15,"column":15},"end":{"line":15,"column":54}},"5":{"start":{"line":17,"column":2},"end":{"line":17,"column":26}},"6":{"start":{"line":17,"column":13},"end":{"line":17,"column":26}},"7":{"start":{"line":19,"column":30},"end":{"line":19,"column":50}},"8":{"start":{"line":20,"column":4},"end":{"line":20,"column":16}},"9":{"start":{"line":23,"column":2},"end":{"line":23,"column":15}}},"fnMap":{"0":{"name":"(anonymous_7)","decl":{"start":{"line":6,"column":57},"end":{"line":6,"column":null}},"loc":{"start":{"line":9,"column":4},"end":{"line":24,"column":2}}},"1":{"name":"(anonymous_8)","decl":{"start":{"line":9,"column":4},"end":{"line":9,"column":null}},"loc":{"start":{"line":9,"column":4},"end":{"line":24,"column":1}}},"2":{"name":"(anonymous_9)","decl":{"start":{"line":19,"column":22},"end":{"line":19,"column":26}},"loc":{"start":{"line":19,"column":30},"end":{"line":19,"column":50}}}},"branchMap":{"0":{"loc":{"start":{"line":17,"column":2},"end":{"line":17,"column":26}},"type":"if","locations":[{"start":{"line":17,"column":2},"end":{"line":17,"column":26}},{"start":{"line":17,"column":2},"end":{"line":17,"column":26}}]}},"s":{"0":2,"1":2,"2":0,"3":0,"4":0,"5":0,"6":0,"7":0,"8":0,"9":0},"f":{"0":0,"1":0,"2":0},"b":{"0":[0,0]}}
,"C:\\Users\\tomas\\projects\\movies-app\\src\\utils\\sendEmail.ts": {"path":"C:\\Users\\tomas\\projects\\movies-app\\src\\utils\\sendEmail.ts","statementMap":{"0":{"start":{"line":1,"column":0},"end":{"line":1,"column":36}},"1":{"start":{"line":5,"column":2},"end":{"line":5,"column":19}},"2":{"start":{"line":7,"column":18},"end":{"line":7,"column":54}},"3":{"start":{"line":9,"column":22},"end":{"line":17,"column":4}},"4":{"start":{"line":27,"column":15},"end":{"line":27,"column":54}},"5":{"start":{"line":29,"column":2},"end":{"line":29,"column":50}},"6":{"start":{"line":31,"column":2},"end":{"line":31,"column":69}},"7":{"start":{"line":4,"column":0},"end":{"line":4,"column":22}}},"fnMap":{},"branchMap":{},"s":{"0":2,"1":0,"2":0,"3":0,"4":0,"5":0,"6":0,"7":2},"f":{},"b":{}}
}
