TN:
SF:C:\Users\tomas\projects\movies-app\src\redis.ts
FNF:0
FNH:0
DA:1,2
DA:3,2
LF:2
LH:2
BRF:0
BRH:0
end_of_record
TN:
SF:C:\Users\tomas\projects\movies-app\src\entity\Movie.ts
FN:20,(anonymous_2)
FNF:1
FNH:1
FNDA:6,(anonymous_2)
DA:1,2
DA:9,2
DA:19,2
DA:20,6
DA:22,2
DA:26,2
DA:30,2
DA:34,2
LF:8
LH:8
BRF:0
BRH:0
end_of_record
TN:
SF:C:\Users\tomas\projects\movies-app\src\entity\User.ts
FN:34,(anonymous_4)
FN:14,(anonymous_5)
FN:18,(anonymous_6)
FN:22,(anonymous_7)
FN:33,(anonymous_8)
FN:42,(anonymous_9)
FNF:6
FNH:6
FNDA:2,(anonymous_4)
FNDA:6,(anonymous_5)
FNDA:6,(anonymous_6)
FNDA:6,(anonymous_7)
FNDA:6,(anonymous_8)
FNDA:6,(anonymous_9)
DA:1,2
DA:9,2
DA:13,2
DA:14,6
DA:16,2
DA:18,6
DA:20,2
DA:22,6
DA:24,2
DA:28,2
DA:33,6
DA:34,2
DA:35,2
DA:37,2
DA:42,6
DA:44,2
DA:48,2
DA:51,2
DA:54,2
DA:58,2
DA:62,2
LF:21
LH:21
BRDA:38,0,0,2
BRDA:38,0,1,0
BRDA:37,1,0,2
BRDA:37,1,1,0
BRDA:38,2,0,2
BRDA:38,2,1,0
BRDA:38,3,0,2
BRDA:38,3,1,0
BRF:8
BRH:4
end_of_record
TN:
SF:C:\Users\tomas\projects\movies-app\src\middleware\isAuth.ts
FN:4,(anonymous_6)
FN:4,(anonymous_7)
FNF:2
FNH:0
FNDA:0,(anonymous_6)
FNDA:0,(anonymous_7)
DA:4,2
DA:6,0
DA:8,0
LF:3
LH:1
BRF:0
BRH:0
end_of_record
TN:
SF:C:\Users\tomas\projects\movies-app\src\middleware\logger.ts
FN:4,(anonymous_6)
FN:4,(anonymous_7)
FNF:2
FNH:0
FNDA:0,(anonymous_6)
FNDA:0,(anonymous_7)
DA:4,2
DA:5,0
DA:7,0
LF:3
LH:1
BRF:0
BRH:0
end_of_record
TN:
SF:C:\Users\tomas\projects\movies-app\src\modules\constants\redisPrefix.ts
FNF:0
FNH:0
DA:1,2
DA:2,2
LF:2
LH:2
BRF:0
BRH:0
end_of_record
TN:
SF:C:\Users\tomas\projects\movies-app\src\modules\shared\PasswordInput.ts
FN:11,(anonymous_2)
FNF:1
FNH:1
FNDA:4,(anonymous_2)
DA:1,2
DA:2,2
DA:11,2
DA:13,4
DA:16,4
DA:19,4
LF:6
LH:6
BRF:0
BRH:0
end_of_record
TN:
SF:C:\Users\tomas\projects\movies-app\src\modules\user\ChangePassword.ts
FN:12,(anonymous_13)
FNF:1
FNH:1
FNDA:6,(anonymous_13)
DA:1,2
DA:2,2
DA:4,2
DA:5,2
DA:6,2
DA:7,2
DA:11,2
DA:12,6
DA:13,2
DA:18,0
DA:21,0
DA:24,0
DA:26,0
DA:28,0
DA:30,0
DA:32,0
DA:34,0
DA:36,0
LF:18
LH:9
BRDA:26,0,0,0
BRDA:26,0,1,0
BRF:2
BRH:0
end_of_record
TN:
SF:C:\Users\tomas\projects\movies-app\src\modules\user\ConfirmUser.ts
FN:9,(anonymous_13)
FNF:1
FNH:1
FNDA:6,(anonymous_13)
DA:1,2
DA:3,2
DA:4,2
DA:5,2
DA:8,2
DA:9,6
DA:10,2
DA:11,0
DA:14,0
DA:17,0
DA:24,0
DA:26,0
LF:12
LH:7
BRF:0
BRH:0
end_of_record
TN:
SF:C:\Users\tomas\projects\movies-app\src\modules\user\CreateUser.ts
FN:15,createResolver
FN:26,(anonymous_14)
FN:28,(anonymous_15)
FNF:3
FNH:3
FNDA:4,createResolver
FNDA:12,(anonymous_14)
FNDA:12,(anonymous_15)
DA:1,2
DA:10,2
DA:11,2
DA:12,2
DA:25,4
DA:26,12
DA:28,12
DA:29,0
DA:33,4
DA:37,2
DA:39,2
DA:61,2
DA:68,2
LF:13
LH:12
BRDA:27,0,0,4
BRDA:27,0,1,4
BRF:2
BRH:2
end_of_record
TN:
SF:C:\Users\tomas\projects\movies-app\src\modules\user\ForgotPassword.ts
FN:10,(anonymous_13)
FNF:1
FNH:1
FNDA:6,(anonymous_13)
DA:1,2
DA:2,2
DA:3,2
DA:4,2
DA:5,2
DA:6,2
DA:9,2
DA:10,6
DA:11,2
DA:12,0
DA:15,0
DA:18,0
DA:19,0
DA:21,0
DA:26,0
LF:15
LH:9
BRF:0
BRH:0
end_of_record
TN:
SF:C:\Users\tomas\projects\movies-app\src\modules\user\Login.ts
FN:9,(anonymous_13)
FNF:1
FNH:1
FNDA:6,(anonymous_13)
DA:1,2
DA:2,2
DA:4,2
DA:8,2
DA:9,6
DA:10,2
DA:15,0
DA:18,0
DA:21,0
DA:24,0
DA:28,0
DA:31,0
DA:33,0
LF:13
LH:6
BRF:0
BRH:0
end_of_record
TN:
SF:C:\Users\tomas\projects\movies-app\src\modules\user\Logout.ts
FN:8,(anonymous_12)
FN:9,(anonymous_13)
FN:6,(anonymous_14)
FNF:3
FNH:1
FNDA:0,(anonymous_12)
FNDA:0,(anonymous_13)
FNDA:6,(anonymous_14)
DA:1,2
DA:5,2
DA:6,6
DA:7,2
DA:8,0
DA:9,0
DA:11,0
DA:12,0
DA:15,0
DA:16,0
LF:10
LH:4
BRF:0
BRH:0
end_of_record
TN:
SF:C:\Users\tomas\projects\movies-app\src\modules\user\Me.ts
FN:8,(anonymous_13)
FNF:1
FNH:1
FNDA:6,(anonymous_13)
DA:1,2
DA:3,2
DA:7,2
DA:8,6
DA:9,2
DA:11,1
DA:14,1
LF:7
LH:7
BRF:0
BRH:0
end_of_record
TN:
SF:C:\Users\tomas\projects\movies-app\src\modules\user\Register.ts
FN:16,(anonymous_15)
FN:30,(anonymous_16)
FNF:2
FNH:2
FNDA:6,(anonymous_15)
FNDA:6,(anonymous_16)
DA:1,2
DA:2,2
DA:4,2
DA:5,2
DA:6,2
DA:7,2
DA:13,2
DA:16,6
DA:17,2
DA:18,0
DA:30,6
DA:31,2
DA:38,1
DA:40,1
DA:50,1
LF:15
LH:14
BRF:0
BRH:0
end_of_record
TN:
SF:C:\Users\tomas\projects\movies-app\src\modules\user\changePassword\ChangePasswordInput.ts
FNF:0
FNH:0
DA:1,2
DA:2,2
DA:5,2
DA:7,2
LF:4
LH:4
BRF:0
BRH:0
end_of_record
TN:
SF:C:\Users\tomas\projects\movies-app\src\modules\user\register\RegisterInput.ts
FN:11,(anonymous_2)
FN:15,(anonymous_3)
FNF:2
FNH:2
FNDA:6,(anonymous_2)
FNDA:6,(anonymous_3)
DA:1,2
DA:2,2
DA:4,2
DA:5,2
DA:10,2
DA:11,6
DA:13,2
DA:15,6
DA:17,2
DA:22,2
LF:10
LH:10
BRF:0
BRH:0
end_of_record
TN:
SF:C:\Users\tomas\projects\movies-app\src\modules\user\register\isEmailAlreadyExist.ts
FN:13,(anonymous_2)
FN:14,(anonymous_3)
FN:21,IsEmailAlreayExist
FN:22,(anonymous_5)
FNF:4
FNH:4
FNDA:1,(anonymous_2)
FNDA:1,(anonymous_3)
FNDA:2,IsEmailAlreayExist
FNDA:2,(anonymous_5)
DA:1,2
DA:8,2
DA:11,2
DA:14,1
DA:15,1
DA:16,1
DA:21,2
DA:22,2
DA:23,2
LF:9
LH:9
BRDA:15,0,0,0
BRDA:15,0,1,1
BRF:2
BRH:1
end_of_record
TN:
SF:C:\Users\tomas\projects\movies-app\src\test-utils\gCall.ts
FN:16,(anonymous_6)
FN:16,(anonymous_7)
FN:29,(anonymous_8)
FNF:3
FNH:2
FNDA:3,(anonymous_6)
FNDA:3,(anonymous_7)
FNDA:0,(anonymous_8)
DA:1,2
DA:4,2
DA:16,3
DA:18,2
DA:20,3
DA:29,0
LF:6
LH:5
BRF:0
BRH:0
end_of_record
TN:
SF:C:\Users\tomas\projects\movies-app\src\test-utils\testConn.ts
FN:3,(anonymous_0)
FNF:1
FNH:1
FNDA:2,(anonymous_0)
DA:1,2
DA:3,2
DA:4,2
LF:3
LH:3
BRDA:3,0,0,2
BRF:1
BRH:1
end_of_record
TN:
SF:C:\Users\tomas\projects\movies-app\src\utils\createSchema.ts
FN:15,(anonymous_0)
FNF:1
FNH:1
FNDA:2,(anonymous_0)
DA:1,2
DA:2,2
DA:3,2
DA:4,2
DA:5,2
DA:6,2
DA:7,2
DA:8,2
DA:9,2
DA:10,2
DA:15,2
DA:16,2
LF:12
LH:12
BRF:0
BRH:0
end_of_record
TN:
SF:C:\Users\tomas\projects\movies-app\src\utils\customAuthChecker.ts
FN:6,(anonymous_7)
FN:9,(anonymous_8)
FN:19,(anonymous_9)
FNF:3
FNH:0
FNDA:0,(anonymous_7)
FNDA:0,(anonymous_8)
FNDA:0,(anonymous_9)
DA:4,2
DA:6,2
DA:9,0
DA:12,0
DA:15,0
DA:17,0
DA:19,0
DA:20,0
DA:23,0
LF:9
LH:2
BRDA:17,0,0,0
BRDA:17,0,1,0
BRF:2
BRH:0
end_of_record
TN:
SF:C:\Users\tomas\projects\movies-app\src\utils\sendEmail.ts
FNF:0
FNH:0
DA:1,2
DA:4,2
DA:5,0
DA:7,0
DA:9,0
DA:27,0
DA:29,0
DA:31,0
LF:8
LH:2
BRF:0
BRH:0
end_of_record
